<?xml version="1.0" encoding="UTF-8" ?>
<testsuite tests="8" failures="0" name="capitaly.players.GreedyTest" time="0.039" errors="0" skipped="0">
  <properties>
[...]
</properties>
  <testcase classname="capitaly.players.GreedyTest" name="capitaly.players.GreedyTest.testBuyGreedy" time="0"/>
  <testcase classname="capitaly.players.GreedyTest" name="capitaly.players.GreedyTest.testBuyGreedyFalse" time="0"/>
  <testcase classname="capitaly.players.GreedyTest" name="capitaly.players.GreedyTest.testBuild" time="0"/>
  <testcase classname="capitaly.players.GreedyTest" name="capitaly.players.GreedyTest.testBuildFalse" time="0"/>
  <testcase classname="capitaly.players.GreedyTest" name="capitaly.players.GreedyTest.testToString" time="0.039"/>
  <testcase classname="capitaly.players.GreedyTest" name="capitaly.players.GreedyTest.testEquals" time="0"/>
  <testcase classname="capitaly.players.GreedyTest" name="capitaly.players.GreedyTest.testEqualsFalse" time="0"/>
  <testcase classname="capitaly.players.GreedyTest" name="capitaly.players.GreedyTest.testHashCode" time="0"/>
</testsuite>