<?xml version="1.0" encoding="UTF-8" ?>
<testsuite tests="7" failures="0" name="capitaly.fields.ServiceTest" time="0.028" errors="0" skipped="0">
  <properties>
[...]
</properties>
  <testcase classname="capitaly.fields.ServiceTest" name="capitaly.fields.ServiceTest.testGetCost" time="0.001"/>
  <testcase classname="capitaly.fields.ServiceTest" name="capitaly.fields.ServiceTest.testGetType" time="0"/>
  <testcase classname="capitaly.fields.ServiceTest" name="capitaly.fields.ServiceTest.testCross" time="0"/>
  <testcase classname="capitaly.fields.ServiceTest" name="capitaly.fields.ServiceTest.testCrossFalse" time="0"/>
  <testcase classname="capitaly.fields.ServiceTest" name="capitaly.fields.ServiceTest.testToString" time="0.027"/>
  <testcase classname="capitaly.fields.ServiceTest" name="capitaly.fields.ServiceTest.testEquals" time="0"/>
  <testcase classname="capitaly.fields.ServiceTest" name="capitaly.fields.ServiceTest.testHashCode" time="0"/>
</testsuite>